#
# There is insufficient memory for the Java Runtime Environment to continue.
# Native memory allocation (malloc) failed to allocate 825216 bytes for Chunk::new
# Possible reasons:
#   The system is out of physical RAM or swap space
#   The process is running with CompressedOops enabled, and the Java Heap may be blocking the growth of the native heap
# Possible solutions:
#   Reduce memory load on the system
#   Increase physical memory or swap space
#   Check if swap backing store is full
#   Decrease Java heap size (-Xmx/-Xms)
#   Decrease number of Java threads
#   Decrease Java thread stack sizes (-Xss)
#   Set larger code cache with -XX:ReservedCodeCacheSize=
#   JVM is running with Unscaled Compressed Oops mode in which the Java heap is
#     placed in the first 4GB address space. The Java Heap base address is the
#     maximum limit for the native heap growth. Please use -XX:HeapBaseMinAddress
#     to set the Java Heap base and to place the Java Heap above 4GB virtual address.
# This output file may be truncated or incomplete.
#
#  Out of Memory Error (arena.cpp:184), pid=3024, tid=2304
#
# JRE version: OpenJDK Runtime Environment Zulu18.32+13-CA (18.0.2.1+1) (build 18.0.2.1+1)
# Java VM: OpenJDK 64-Bit Server VM Zulu18.32+13-CA (18.0.2.1+1, mixed mode, sharing, tiered, compressed oops, compressed class ptrs, g1 gc, windows-amd64)
# No core dump will be written. Minidumps are not enabled by default on client versions of Windows
#

---------------  S U M M A R Y ------------

Command Line: org.jetbrains.kotlin.cli.jvm.K2JVMCompiler @C:\Users\amrhi\Downloads\ktor-UncleJacksApp\build\20240712_13390481193609312188.compiler.options

Host: 11th Gen Intel(R) Core(TM) i5-1135G7 @ 2.40GHz, 8 cores, 7G,  Windows 11 , 64 bit Build 22621 (10.0.22621.3672)
Time: Fri Jul 12 15:01:04 2024 Egypt Daylight Time elapsed time: 2.696093 seconds (0d 0h 0m 2s)

---------------  T H R E A D  ---------------

Current thread (0x00000183616cd540):  JavaThread "C2 CompilerThread0" daemon [_thread_in_native, id=2304, stack(0x0000007564d00000,0x0000007564e00000)]


Current CompileTask:
C2:   2696 1654   !   4       jdk.internal.loader.BuiltinClassLoader::loadClassOrNull (143 bytes)

Stack: [0x0000007564d00000,0x0000007564e00000]
Native frames: (J=compiled Java code, j=interpreted, Vv=VM code, C=native code)
V  [jvm.dll+0x69ea0a]
V  [jvm.dll+0x84dfbd]
V  [jvm.dll+0x84f8ce]
V  [jvm.dll+0x84ff83]
V  [jvm.dll+0x25fa1f]
V  [jvm.dll+0xba71f]
V  [jvm.dll+0xbaa95]
V  [jvm.dll+0x2cad0f]
V  [jvm.dll+0x5a4c1e]
V  [jvm.dll+0x23b25e]
V  [jvm.dll+0x234825]
V  [jvm.dll+0x231d4b]
V  [jvm.dll+0x1bc3fc]
V  [jvm.dll+0x2418bb]
V  [jvm.dll+0x23fb95]
V  [jvm.dll+0x8002a6]
V  [jvm.dll+0x7fa6da]
V  [jvm.dll+0x69d8b5]
C  [ucrtbase.dll+0x29333]
C  [KERNEL32.DLL+0x1257d]
C  [ntdll.dll+0x5af28]


---------------  P R O C E S S  ---------------

Threads class SMR info:
_java_thread_list=0x000001836633b060, length=13, elements={
0x00000183434a7c30, 0x00000183616b1590, 0x00000183616b1e40, 0x00000183616c8b30,
0x00000183616cb3f0, 0x00000183616cbca0, 0x00000183616cc960, 0x00000183616cd540,
0x00000183616cde30, 0x00000183616d6730, 0x00000183659ee8d0, 0x00000183659f03f0,
0x000001836637d850
}

Java Threads: ( => current thread )
  0x00000183434a7c30 JavaThread "main" [_thread_in_vm, id=14180, stack(0x0000007564000000,0x0000007564100000)]
  0x00000183616b1590 JavaThread "Reference Handler" daemon [_thread_blocked, id=15720, stack(0x0000007564700000,0x0000007564800000)]
  0x00000183616b1e40 JavaThread "Finalizer" daemon [_thread_blocked, id=2396, stack(0x0000007564800000,0x0000007564900000)]
  0x00000183616c8b30 JavaThread "Signal Dispatcher" daemon [_thread_blocked, id=13180, stack(0x0000007564900000,0x0000007564a00000)]
  0x00000183616cb3f0 JavaThread "Attach Listener" daemon [_thread_blocked, id=14344, stack(0x0000007564a00000,0x0000007564b00000)]
  0x00000183616cbca0 JavaThread "Service Thread" daemon [_thread_blocked, id=9700, stack(0x0000007564b00000,0x0000007564c00000)]
  0x00000183616cc960 JavaThread "Monitor Deflation Thread" daemon [_thread_blocked, id=8344, stack(0x0000007564c00000,0x0000007564d00000)]
=>0x00000183616cd540 JavaThread "C2 CompilerThread0" daemon [_thread_in_native, id=2304, stack(0x0000007564d00000,0x0000007564e00000)]
  0x00000183616cde30 JavaThread "C1 CompilerThread0" daemon [_thread_blocked, id=17280, stack(0x0000007564e00000,0x0000007564f00000)]
  0x00000183616d6730 JavaThread "Sweeper thread" daemon [_thread_blocked, id=9724, stack(0x0000007564f00000,0x0000007565000000)]
  0x00000183659ee8d0 JavaThread "Notification Thread" daemon [_thread_blocked, id=5152, stack(0x0000007565000000,0x0000007565100000)]
  0x00000183659f03f0 JavaThread "Common-Cleaner" daemon [_thread_blocked, id=15552, stack(0x0000007565200000,0x0000007565300000)]
  0x000001836637d850 JavaThread "C2 CompilerThread1" daemon [_thread_blocked, id=8464, stack(0x0000007565800000,0x0000007565900000)]

Other Threads:
  0x00000183616ace10 VMThread "VM Thread" [stack: 0x0000007564600000,0x0000007564700000] [id=18208]
  0x00000183659eed90 WatcherThread "VM Periodic Task Thread" [stack: 0x0000007565100000,0x0000007565200000] [id=12696]
  0x00000183435061f0 WorkerThread "GC Thread#0" [stack: 0x0000007564100000,0x0000007564200000] [id=9972]
  0x0000018365fa3d10 WorkerThread "GC Thread#1" [stack: 0x0000007565300000,0x0000007565400000] [id=17800]
  0x0000018365f7e7e0 WorkerThread "GC Thread#2" [stack: 0x0000007565400000,0x0000007565500000] [id=15404]
  0x0000018365f45b30 WorkerThread "GC Thread#3" [stack: 0x0000007565500000,0x0000007565600000] [id=16472]
  0x0000018365f45dd0 WorkerThread "GC Thread#4" [stack: 0x0000007565600000,0x0000007565700000] [id=4264]
  0x0000018365f8e3b0 WorkerThread "GC Thread#5" [stack: 0x0000007565700000,0x0000007565800000] [id=17616]
  0x000001836e23be20 WorkerThread "GC Thread#6" [stack: 0x0000007565900000,0x0000007565a00000] [id=10352]
  0x000001836e23c0c0 WorkerThread "GC Thread#7" [stack: 0x0000007565a00000,0x0000007565b00000] [id=9556]
  0x0000018343532910 ConcurrentGCThread "G1 Main Marker" [stack: 0x0000007564200000,0x0000007564300000] [id=18088]
  0x0000018343533210 WorkerThread "G1 Conc#0" [stack: 0x0000007564300000,0x0000007564400000] [id=10796]
  0x0000018361565bb0 ConcurrentGCThread "G1 Refine#0" [stack: 0x0000007564400000,0x0000007564500000] [id=18352]
  0x00000183615663d0 ConcurrentGCThread "G1 Service" [stack: 0x0000007564500000,0x0000007564600000] [id=13904]

Threads with active compile tasks:
C2 CompilerThread0     2709 1654   !   4       jdk.internal.loader.BuiltinClassLoader::loadClassOrNull (143 bytes)

VM state: not at safepoint (normal execution)

VM Mutex/Monitor currently owned by a thread: None

Heap address: 0x0000000084c00000, size: 1972 MB, Compressed Oops mode: 32-bit

CDS archive(s) mapped at: [0x0000000800000000-0x0000000800ba0000-0x0000000800ba0000), size 12189696, SharedBaseAddress: 0x0000000800000000, ArchiveRelocationMode: 0.
Compressed class space mapped at: 0x0000000800c00000-0x0000000840c00000, reserved size: 1073741824
Narrow klass base: 0x0000000800000000, Narrow klass shift: 0, Narrow klass range: 0x100000000

GC Precious Log:
 CardTable entry size: 512
 Card Set container configuration: InlinePtr #cards 5 size 8 Array Of Cards #cards 12 size 40 Howl #buckets 4 coarsen threshold 1843 Howl Bitmap #cards 512 size 80 coarsen threshold 460 Card regions per heap region 1 cards per card region 2048
 CPUs: 8 total, 8 available
 Memory: 7886M
 Large Page Support: Disabled
 NUMA Support: Disabled
 Compressed Oops: Enabled (32-bit)
 Heap Region Size: 1M
 Heap Min Capacity: 8M
 Heap Initial Capacity: 124M
 Heap Max Capacity: 1972M
 Pre-touch: Disabled
 Parallel Workers: 8
 Concurrent Workers: 2
 Concurrent Refinement Workers: 8
 Periodic GC: Disabled

Heap:
 garbage-first heap   total 126976K, used 28705K [0x0000000084c00000, 0x0000000100000000)
  region size 1024K, 24 young (24576K), 4 survivors (4096K)
 Metaspace       used 18914K, committed 19200K, reserved 1114112K
  class space    used 2083K, committed 2240K, reserved 1048576K

Heap Regions: E=young(eden), S=young(survivor), O=old, HS=humongous(starts), HC=humongous(continues), CS=collection set, F=free, OA=open archive, CA=closed archive, TAMS=top-at-mark-start (previous, next)
|   0|0x0000000084c00000, 0x0000000084d00000, 0x0000000084d00000|100%|HS|  |TAMS 0x0000000084c00000, 0x0000000084c00000| Complete 
|   1|0x0000000084d00000, 0x0000000084e00000, 0x0000000084e00000|100%|HC|  |TAMS 0x0000000084d00000, 0x0000000084d00000| Complete 
|   2|0x0000000084e00000, 0x0000000084f00000, 0x0000000084f00000|100%|HC|  |TAMS 0x0000000084e00000, 0x0000000084e00000| Complete 
|   3|0x0000000084f00000, 0x0000000085000000, 0x0000000085000000|100%| O|  |TAMS 0x0000000084f00000, 0x0000000084f00000| Untracked 
|   4|0x0000000085000000, 0x0000000085100000, 0x0000000085100000|100%| O|  |TAMS 0x0000000085000000, 0x0000000085000000| Untracked 
|   5|0x0000000085100000, 0x00000000851d6e00, 0x0000000085200000| 83%| O|  |TAMS 0x0000000085100000, 0x0000000085100000| Untracked 
|   6|0x0000000085200000, 0x0000000085200000, 0x0000000085300000|  0%| F|  |TAMS 0x0000000085200000, 0x0000000085200000| Untracked 
|   7|0x0000000085300000, 0x0000000085300000, 0x0000000085400000|  0%| F|  |TAMS 0x0000000085300000, 0x0000000085300000| Untracked 
|   8|0x0000000085400000, 0x0000000085400000, 0x0000000085500000|  0%| F|  |TAMS 0x0000000085400000, 0x0000000085400000| Untracked 
|   9|0x0000000085500000, 0x0000000085500000, 0x0000000085600000|  0%| F|  |TAMS 0x0000000085500000, 0x0000000085500000| Untracked 
|  10|0x0000000085600000, 0x0000000085600000, 0x0000000085700000|  0%| F|  |TAMS 0x0000000085600000, 0x0000000085600000| Untracked 
|  11|0x0000000085700000, 0x0000000085700000, 0x0000000085800000|  0%| F|  |TAMS 0x0000000085700000, 0x0000000085700000| Untracked 
|  12|0x0000000085800000, 0x0000000085800000, 0x0000000085900000|  0%| F|  |TAMS 0x0000000085800000, 0x0000000085800000| Untracked 
|  13|0x0000000085900000, 0x0000000085900000, 0x0000000085a00000|  0%| F|  |TAMS 0x0000000085900000, 0x0000000085900000| Untracked 
|  14|0x0000000085a00000, 0x0000000085a00000, 0x0000000085b00000|  0%| F|  |TAMS 0x0000000085a00000, 0x0000000085a00000| Untracked 
|  15|0x0000000085b00000, 0x0000000085b00000, 0x0000000085c00000|  0%| F|  |TAMS 0x0000000085b00000, 0x0000000085b00000| Untracked 
|  16|0x0000000085c00000, 0x0000000085c00000, 0x0000000085d00000|  0%| F|  |TAMS 0x0000000085c00000, 0x0000000085c00000| Untracked 
|  17|0x0000000085d00000, 0x0000000085d00000, 0x0000000085e00000|  0%| F|  |TAMS 0x0000000085d00000, 0x0000000085d00000| Untracked 
|  18|0x0000000085e00000, 0x0000000085e00000, 0x0000000085f00000|  0%| F|  |TAMS 0x0000000085e00000, 0x0000000085e00000| Untracked 
|  19|0x0000000085f00000, 0x0000000085f00000, 0x0000000086000000|  0%| F|  |TAMS 0x0000000085f00000, 0x0000000085f00000| Untracked 
|  20|0x0000000086000000, 0x0000000086000000, 0x0000000086100000|  0%| F|  |TAMS 0x0000000086000000, 0x0000000086000000| Untracked 
|  21|0x0000000086100000, 0x0000000086100000, 0x0000000086200000|  0%| F|  |TAMS 0x0000000086100000, 0x0000000086100000| Untracked 
|  22|0x0000000086200000, 0x0000000086200000, 0x0000000086300000|  0%| F|  |TAMS 0x0000000086200000, 0x0000000086200000| Untracked 
|  23|0x0000000086300000, 0x0000000086300000, 0x0000000086400000|  0%| F|  |TAMS 0x0000000086300000, 0x0000000086300000| Untracked 
|  24|0x0000000086400000, 0x0000000086400000, 0x0000000086500000|  0%| F|  |TAMS 0x0000000086400000, 0x0000000086400000| Untracked 
|  25|0x0000000086500000, 0x0000000086500000, 0x0000000086600000|  0%| F|  |TAMS 0x0000000086500000, 0x0000000086500000| Untracked 
|  26|0x0000000086600000, 0x0000000086600000, 0x0000000086700000|  0%| F|  |TAMS 0x0000000086600000, 0x0000000086600000| Untracked 
|  27|0x0000000086700000, 0x0000000086700000, 0x0000000086800000|  0%| F|  |TAMS 0x0000000086700000, 0x0000000086700000| Untracked 
|  28|0x0000000086800000, 0x0000000086800000, 0x0000000086900000|  0%| F|  |TAMS 0x0000000086800000, 0x0000000086800000| Untracked 
|  29|0x0000000086900000, 0x0000000086900000, 0x0000000086a00000|  0%| F|  |TAMS 0x0000000086900000, 0x0000000086900000| Untracked 
|  30|0x0000000086a00000, 0x0000000086a00000, 0x0000000086b00000|  0%| F|  |TAMS 0x0000000086a00000, 0x0000000086a00000| Untracked 
|  31|0x0000000086b00000, 0x0000000086b00000, 0x0000000086c00000|  0%| F|  |TAMS 0x0000000086b00000, 0x0000000086b00000| Untracked 
|  32|0x0000000086c00000, 0x0000000086c00000, 0x0000000086d00000|  0%| F|  |TAMS 0x0000000086c00000, 0x0000000086c00000| Untracked 
|  33|0x0000000086d00000, 0x0000000086d00000, 0x0000000086e00000|  0%| F|  |TAMS 0x0000000086d00000, 0x0000000086d00000| Untracked 
|  34|0x0000000086e00000, 0x0000000086e00000, 0x0000000086f00000|  0%| F|  |TAMS 0x0000000086e00000, 0x0000000086e00000| Untracked 
|  35|0x0000000086f00000, 0x0000000086f00000, 0x0000000087000000|  0%| F|  |TAMS 0x0000000086f00000, 0x0000000086f00000| Untracked 
|  36|0x0000000087000000, 0x0000000087000000, 0x0000000087100000|  0%| F|  |TAMS 0x0000000087000000, 0x0000000087000000| Untracked 
|  37|0x0000000087100000, 0x0000000087100000, 0x0000000087200000|  0%| F|  |TAMS 0x0000000087100000, 0x0000000087100000| Untracked 
|  38|0x0000000087200000, 0x0000000087200000, 0x0000000087300000|  0%| F|  |TAMS 0x0000000087200000, 0x0000000087200000| Untracked 
|  39|0x0000000087300000, 0x0000000087300000, 0x0000000087400000|  0%| F|  |TAMS 0x0000000087300000, 0x0000000087300000| Untracked 
|  40|0x0000000087400000, 0x0000000087400000, 0x0000000087500000|  0%| F|  |TAMS 0x0000000087400000, 0x0000000087400000| Untracked 
|  41|0x0000000087500000, 0x0000000087500000, 0x0000000087600000|  0%| F|  |TAMS 0x0000000087500000, 0x0000000087500000| Untracked 
|  42|0x0000000087600000, 0x0000000087600000, 0x0000000087700000|  0%| F|  |TAMS 0x0000000087600000, 0x0000000087600000| Untracked 
|  43|0x0000000087700000, 0x0000000087700000, 0x0000000087800000|  0%| F|  |TAMS 0x0000000087700000, 0x0000000087700000| Untracked 
|  44|0x0000000087800000, 0x0000000087800000, 0x0000000087900000|  0%| F|  |TAMS 0x0000000087800000, 0x0000000087800000| Untracked 
|  45|0x0000000087900000, 0x0000000087900000, 0x0000000087a00000|  0%| F|  |TAMS 0x0000000087900000, 0x0000000087900000| Untracked 
|  46|0x0000000087a00000, 0x0000000087a00000, 0x0000000087b00000|  0%| F|  |TAMS 0x0000000087a00000, 0x0000000087a00000| Untracked 
|  47|0x0000000087b00000, 0x0000000087b00000, 0x0000000087c00000|  0%| F|  |TAMS 0x0000000087b00000, 0x0000000087b00000| Untracked 
|  48|0x0000000087c00000, 0x0000000087c00000, 0x0000000087d00000|  0%| F|  |TAMS 0x0000000087c00000, 0x0000000087c00000| Untracked 
|  49|0x0000000087d00000, 0x0000000087d00000, 0x0000000087e00000|  0%| F|  |TAMS 0x0000000087d00000, 0x0000000087d00000| Untracked 
|  50|0x0000000087e00000, 0x0000000087e00000, 0x0000000087f00000|  0%| F|  |TAMS 0x0000000087e00000, 0x0000000087e00000| Untracked 
|  51|0x0000000087f00000, 0x0000000087f00000, 0x0000000088000000|  0%| F|  |TAMS 0x0000000087f00000, 0x0000000087f00000| Untracked 
|  52|0x0000000088000000, 0x0000000088000000, 0x0000000088100000|  0%| F|  |TAMS 0x0000000088000000, 0x0000000088000000| Untracked 
|  53|0x0000000088100000, 0x0000000088100000, 0x0000000088200000|  0%| F|  |TAMS 0x0000000088100000, 0x0000000088100000| Untracked 
|  54|0x0000000088200000, 0x0000000088200000, 0x0000000088300000|  0%| F|  |TAMS 0x0000000088200000, 0x0000000088200000| Untracked 
|  55|0x0000000088300000, 0x0000000088300000, 0x0000000088400000|  0%| F|  |TAMS 0x0000000088300000, 0x0000000088300000| Untracked 
|  56|0x0000000088400000, 0x0000000088400000, 0x0000000088500000|  0%| F|  |TAMS 0x0000000088400000, 0x0000000088400000| Untracked 
|  57|0x0000000088500000, 0x0000000088500000, 0x0000000088600000|  0%| F|  |TAMS 0x0000000088500000, 0x0000000088500000| Untracked 
|  58|0x0000000088600000, 0x0000000088600000, 0x0000000088700000|  0%| F|  |TAMS 0x0000000088600000, 0x0000000088600000| Untracked 
|  59|0x0000000088700000, 0x0000000088700000, 0x0000000088800000|  0%| F|  |TAMS 0x0000000088700000, 0x0000000088700000| Untracked 
|  60|0x0000000088800000, 0x0000000088800000, 0x0000000088900000|  0%| F|  |TAMS 0x0000000088800000, 0x0000000088800000| Untracked 
|  61|0x0000000088900000, 0x0000000088900000, 0x0000000088a00000|  0%| F|  |TAMS 0x0000000088900000, 0x0000000088900000| Untracked 
|  62|0x0000000088a00000, 0x0000000088a00000, 0x0000000088b00000|  0%| F|  |TAMS 0x0000000088a00000, 0x0000000088a00000| Untracked 
|  63|0x0000000088b00000, 0x0000000088b00000, 0x0000000088c00000|  0%| F|  |TAMS 0x0000000088b00000, 0x0000000088b00000| Untracked 
|  64|0x0000000088c00000, 0x0000000088c00000, 0x0000000088d00000|  0%| F|  |TAMS 0x0000000088c00000, 0x0000000088c00000| Untracked 
|  65|0x0000000088d00000, 0x0000000088d00000, 0x0000000088e00000|  0%| F|  |TAMS 0x0000000088d00000, 0x0000000088d00000| Untracked 
|  66|0x0000000088e00000, 0x0000000088e00000, 0x0000000088f00000|  0%| F|  |TAMS 0x0000000088e00000, 0x0000000088e00000| Untracked 
|  67|0x0000000088f00000, 0x0000000088f00000, 0x0000000089000000|  0%| F|  |TAMS 0x0000000088f00000, 0x0000000088f00000| Untracked 
|  68|0x0000000089000000, 0x0000000089000000, 0x0000000089100000|  0%| F|  |TAMS 0x0000000089000000, 0x0000000089000000| Untracked 
|  69|0x0000000089100000, 0x0000000089100000, 0x0000000089200000|  0%| F|  |TAMS 0x0000000089100000, 0x0000000089100000| Untracked 
|  70|0x0000000089200000, 0x0000000089200000, 0x0000000089300000|  0%| F|  |TAMS 0x0000000089200000, 0x0000000089200000| Untracked 
|  71|0x0000000089300000, 0x0000000089300000, 0x0000000089400000|  0%| F|  |TAMS 0x0000000089300000, 0x0000000089300000| Untracked 
|  72|0x0000000089400000, 0x0000000089400000, 0x0000000089500000|  0%| F|  |TAMS 0x0000000089400000, 0x0000000089400000| Untracked 
|  73|0x0000000089500000, 0x0000000089500000, 0x0000000089600000|  0%| F|  |TAMS 0x0000000089500000, 0x0000000089500000| Untracked 
|  74|0x0000000089600000, 0x0000000089600000, 0x0000000089700000|  0%| F|  |TAMS 0x0000000089600000, 0x0000000089600000| Untracked 
|  75|0x0000000089700000, 0x0000000089700000, 0x0000000089800000|  0%| F|  |TAMS 0x0000000089700000, 0x0000000089700000| Untracked 
|  76|0x0000000089800000, 0x0000000089800000, 0x0000000089900000|  0%| F|  |TAMS 0x0000000089800000, 0x0000000089800000| Untracked 
|  77|0x0000000089900000, 0x0000000089900000, 0x0000000089a00000|  0%| F|  |TAMS 0x0000000089900000, 0x0000000089900000| Untracked 
|  78|0x0000000089a00000, 0x0000000089a00000, 0x0000000089b00000|  0%| F|  |TAMS 0x0000000089a00000, 0x0000000089a00000| Untracked 
|  79|0x0000000089b00000, 0x0000000089b00000, 0x0000000089c00000|  0%| F|  |TAMS 0x0000000089b00000, 0x0000000089b00000| Untracked 
|  80|0x0000000089c00000, 0x0000000089c00000, 0x0000000089d00000|  0%| F|  |TAMS 0x0000000089c00000, 0x0000000089c00000| Untracked 
|  81|0x0000000089d00000, 0x0000000089d00000, 0x0000000089e00000|  0%| F|  |TAMS 0x0000000089d00000, 0x0000000089d00000| Untracked 
|  82|0x0000000089e00000, 0x0000000089e00000, 0x0000000089f00000|  0%| F|  |TAMS 0x0000000089e00000, 0x0000000089e00000| Untracked 
|  83|0x0000000089f00000, 0x0000000089f00000, 0x000000008a000000|  0%| F|  |TAMS 0x0000000089f00000, 0x0000000089f00000| Untracked 
|  84|0x000000008a000000, 0x000000008a000000, 0x000000008a100000|  0%| F|  |TAMS 0x000000008a000000, 0x000000008a000000| Untracked 
|  85|0x000000008a100000, 0x000000008a1319b8, 0x000000008a200000| 19%| S|CS|TAMS 0x000000008a100000, 0x000000008a100000| Complete 
|  86|0x000000008a200000, 0x000000008a300000, 0x000000008a300000|100%| S|CS|TAMS 0x000000008a200000, 0x000000008a200000| Complete 
|  87|0x000000008a300000, 0x000000008a400000, 0x000000008a400000|100%| S|CS|TAMS 0x000000008a300000, 0x000000008a300000| Complete 
|  88|0x000000008a400000, 0x000000008a500000, 0x000000008a500000|100%| S|CS|TAMS 0x000000008a400000, 0x000000008a400000| Complete 
|  89|0x000000008a500000, 0x000000008a500000, 0x000000008a600000|  0%| F|  |TAMS 0x000000008a500000, 0x000000008a500000| Untracked 
|  90|0x000000008a600000, 0x000000008a600000, 0x000000008a700000|  0%| F|  |TAMS 0x000000008a600000, 0x000000008a600000| Untracked 
|  91|0x000000008a700000, 0x000000008a700000, 0x000000008a800000|  0%| F|  |TAMS 0x000000008a700000, 0x000000008a700000| Untracked 
|  92|0x000000008a800000, 0x000000008a800000, 0x000000008a900000|  0%| F|  |TAMS 0x000000008a800000, 0x000000008a800000| Untracked 
|  93|0x000000008a900000, 0x000000008a900000, 0x000000008aa00000|  0%| F|  |TAMS 0x000000008a900000, 0x000000008a900000| Untracked 
|  94|0x000000008aa00000, 0x000000008aa00000, 0x000000008ab00000|  0%| F|  |TAMS 0x000000008aa00000, 0x000000008aa00000| Untracked 
|  95|0x000000008ab00000, 0x000000008ab00000, 0x000000008ac00000|  0%| F|  |TAMS 0x000000008ab00000, 0x000000008ab00000| Untracked 
|  96|0x000000008ac00000, 0x000000008ac00000, 0x000000008ad00000|  0%| F|  |TAMS 0x000000008ac00000, 0x000000008ac00000| Untracked 
|  97|0x000000008ad00000, 0x000000008ad00000, 0x000000008ae00000|  0%| F|  |TAMS 0x000000008ad00000, 0x000000008ad00000| Untracked 
|  98|0x000000008ae00000, 0x000000008ae00000, 0x000000008af00000|  0%| F|  |TAMS 0x000000008ae00000, 0x000000008ae00000| Untracked 
|  99|0x000000008af00000, 0x000000008af00000, 0x000000008b000000|  0%| F|  |TAMS 0x000000008af00000, 0x000000008af00000| Untracked 
| 100|0x000000008b000000, 0x000000008b000000, 0x000000008b100000|  0%| F|  |TAMS 0x000000008b000000, 0x000000008b000000| Untracked 
| 101|0x000000008b100000, 0x000000008b100000, 0x000000008b200000|  0%| F|  |TAMS 0x000000008b100000, 0x000000008b100000| Untracked 
| 102|0x000000008b200000, 0x000000008b200000, 0x000000008b300000|  0%| F|  |TAMS 0x000000008b200000, 0x000000008b200000| Untracked 
| 103|0x000000008b300000, 0x000000008b300000, 0x000000008b400000|  0%| F|  |TAMS 0x000000008b300000, 0x000000008b300000| Untracked 
| 104|0x000000008b400000, 0x000000008b500000, 0x000000008b500000|100%| E|  |TAMS 0x000000008b400000, 0x000000008b400000| Complete 
| 105|0x000000008b500000, 0x000000008b600000, 0x000000008b600000|100%| E|CS|TAMS 0x000000008b500000, 0x000000008b500000| Complete 
| 106|0x000000008b600000, 0x000000008b700000, 0x000000008b700000|100%| E|CS|TAMS 0x000000008b600000, 0x000000008b600000| Complete 
| 107|0x000000008b700000, 0x000000008b800000, 0x000000008b800000|100%| E|CS|TAMS 0x000000008b700000, 0x000000008b700000| Complete 
| 108|0x000000008b800000, 0x000000008b900000, 0x000000008b900000|100%| E|CS|TAMS 0x000000008b800000, 0x000000008b800000| Complete 
| 109|0x000000008b900000, 0x000000008ba00000, 0x000000008ba00000|100%| E|CS|TAMS 0x000000008b900000, 0x000000008b900000| Complete 
| 110|0x000000008ba00000, 0x000000008bb00000, 0x000000008bb00000|100%| E|CS|TAMS 0x000000008ba00000, 0x000000008ba00000| Complete 
| 111|0x000000008bb00000, 0x000000008bc00000, 0x000000008bc00000|100%| E|CS|TAMS 0x000000008bb00000, 0x000000008bb00000| Complete 
| 112|0x000000008bc00000, 0x000000008bd00000, 0x000000008bd00000|100%| E|CS|TAMS 0x000000008bc00000, 0x000000008bc00000| Complete 
| 113|0x000000008bd00000, 0x000000008be00000, 0x000000008be00000|100%| E|CS|TAMS 0x000000008bd00000, 0x000000008bd00000| Complete 
| 114|0x000000008be00000, 0x000000008bf00000, 0x000000008bf00000|100%| E|CS|TAMS 0x000000008be00000, 0x000000008be00000| Complete 
| 115|0x000000008bf00000, 0x000000008c000000, 0x000000008c000000|100%| E|CS|TAMS 0x000000008bf00000, 0x000000008bf00000| Complete 
| 116|0x000000008c000000, 0x000000008c100000, 0x000000008c100000|100%| E|CS|TAMS 0x000000008c000000, 0x000000008c000000| Complete 
| 117|0x000000008c100000, 0x000000008c200000, 0x000000008c200000|100%| E|CS|TAMS 0x000000008c100000, 0x000000008c100000| Complete 
| 118|0x000000008c200000, 0x000000008c300000, 0x000000008c300000|100%| E|CS|TAMS 0x000000008c200000, 0x000000008c200000| Complete 
| 119|0x000000008c300000, 0x000000008c400000, 0x000000008c400000|100%| E|CS|TAMS 0x000000008c300000, 0x000000008c300000| Complete 
| 120|0x000000008c400000, 0x000000008c500000, 0x000000008c500000|100%| E|CS|TAMS 0x000000008c400000, 0x000000008c400000| Complete 
| 121|0x000000008c500000, 0x000000008c600000, 0x000000008c600000|100%| E|CS|TAMS 0x000000008c500000, 0x000000008c500000| Complete 
| 122|0x000000008c600000, 0x000000008c700000, 0x000000008c700000|100%| E|CS|TAMS 0x000000008c600000, 0x000000008c600000| Complete 
| 123|0x000000008c700000, 0x000000008c800000, 0x000000008c800000|100%| E|CS|TAMS 0x000000008c700000, 0x000000008c700000| Complete 

Card table byte_map: [0x000001835a760000,0x000001835ab40000] _byte_map_base: 0x000001835a33a000

Marking Bits (Prev, Next): (CMBitMap*) 0x0000018343506700, (CMBitMap*) 0x0000018343506740
 Prev Bits: [0x000001835af20000, 0x000001835cdf0000)
 Next Bits: [0x000001835cdf0000, 0x000001835ecc0000)

Polling page: 0x0000018341630000

Metaspace:

Usage:
  Non-class:     16.45 MB used.
      Class:      2.04 MB used.
       Both:     18.49 MB used.

Virtual space:
  Non-class space:       64.00 MB reserved,      16.62 MB ( 26%) committed,  1 nodes.
      Class space:        1.00 GB reserved,       2.19 MB ( <1%) committed,  1 nodes.
             Both:        1.06 GB reserved,      18.81 MB (  2%) committed. 

Chunk freelists:
   Non-Class:  1.67 MB
       Class:  1.83 MB
        Both:  3.50 MB

MaxMetaspaceSize: unlimited
CompressedClassSpaceSize: 1.00 GB
Initial GC threshold: 21.00 MB
Current GC threshold: 21.00 MB
CDS: on
MetaspaceReclaimPolicy: balanced
 - commit_granule_bytes: 65536.
 - commit_granule_words: 8192.
 - virtual_space_node_default_size: 8388608.
 - enlarge_chunks_in_place: 1.
 - new_chunks_are_fully_committed: 0.
 - uncommit_free_chunks: 1.
 - use_allocation_guard: 0.


Internal statistics:

num_allocs_failed_limit: 0.
num_arena_births: 206.
num_arena_deaths: 0.
num_vsnodes_births: 2.
num_vsnodes_deaths: 0.
num_space_committed: 301.
num_space_uncommitted: 0.
num_chunks_returned_to_freelist: 0.
num_chunks_taken_from_freelist: 887.
num_chunk_merges: 0.
num_chunk_splits: 661.
num_chunks_enlarged: 555.
num_inconsistent_stats: 0.

CodeHeap 'non-profiled nmethods': size=120000Kb used=629Kb max_used=629Kb free=119371Kb
 bounds [0x0000018352b20000, 0x0000018352d90000, 0x000001835a050000]
CodeHeap 'profiled nmethods': size=120000Kb used=2873Kb max_used=2873Kb free=117126Kb
 bounds [0x000001834b5f0000, 0x000001834b8c0000, 0x0000018352b20000]
CodeHeap 'non-nmethods': size=5760Kb used=1238Kb max_used=1253Kb free=4521Kb
 bounds [0x000001834b050000, 0x000001834b2c0000, 0x000001834b5f0000]
 total_blobs=2188 nmethods=1670 adapters=430
 compilation: enabled
              stopped_count=0, restarted_count=0
 full_count=0

Compilation events (20 events):
Event: 2.651 Thread 0x00000183616cde30 nmethod 1657 0x000001834b8b6c90 code [0x000001834b8b6ea0, 0x000001834b8b73b8]
Event: 2.651 Thread 0x00000183616cde30 1658       3       kotlin.reflect.jvm.internal.impl.name.FqNameUnsafe::hashCode (8 bytes)
Event: 2.651 Thread 0x00000183616cde30 nmethod 1658 0x000001834b8b7590 code [0x000001834b8b7740, 0x000001834b8b7888]
Event: 2.659 Thread 0x00000183616cde30 1659       3       java.util.ImmutableCollections$Set12::<init> (53 bytes)
Event: 2.660 Thread 0x00000183616cde30 nmethod 1659 0x000001834b8b7990 code [0x000001834b8b7c40, 0x000001834b8b8908]
Event: 2.663 Thread 0x00000183616cde30 1660       3       java.lang.invoke.LambdaFormEditor$TransformKey::inRange (36 bytes)
Event: 2.663 Thread 0x00000183616cde30 nmethod 1660 0x000001834b8b8d10 code [0x000001834b8b8ea0, 0x000001834b8b8ff8]
Event: 2.663 Thread 0x00000183616cde30 1661       3       java.lang.invoke.LambdaFormEditor$TransformKey::<init> (15 bytes)
Event: 2.663 Thread 0x00000183616cde30 nmethod 1661 0x000001834b8b9090 code [0x000001834b8b9220, 0x000001834b8b93b8]
Event: 2.665 Thread 0x00000183616cde30 1662       3       kotlin.reflect.jvm.internal.impl.name.FqName::<init> (18 bytes)
Event: 2.665 Thread 0x00000183616cde30 nmethod 1662 0x000001834b8b9490 code [0x000001834b8b9640, 0x000001834b8b9868]
Event: 2.678 Thread 0x000001836637d850 1663       4       jdk.internal.loader.BuiltinClassLoader::findLoadedModule (33 bytes)
Event: 2.679 Thread 0x00000183616cde30 1664       3       kotlin.reflect.jvm.internal.pcollections.IntTree::rebalanced (449 bytes)
Event: 2.680 Thread 0x00000183616cde30 nmethod 1664 0x000001834b8b9990 code [0x000001834b8b9c80, 0x000001834b8bab68]
Event: 2.688 Thread 0x00000183616cde30 1665       3       java.lang.invoke.MethodHandleNatives::linkCallSite (65 bytes)
Event: 2.689 Thread 0x00000183616cde30 nmethod 1665 0x000001834b8bb290 code [0x000001834b8bb460, 0x000001834b8bb9a8]
Event: 2.689 Thread 0x00000183616cde30 1666       3       java.lang.invoke.MethodHandleNatives::linkCallSiteImpl (44 bytes)
Event: 2.689 Thread 0x00000183616cde30 nmethod 1666 0x000001834b8bbb10 code [0x000001834b8bbd40, 0x000001834b8bc678]
Event: 2.689 Thread 0x00000183616cde30 1667       3       java.lang.invoke.ConstantCallSite::<init> (17 bytes)
Event: 2.690 Thread 0x00000183616cde30 nmethod 1667 0x000001834b8bca10 code [0x000001834b8bcc00, 0x000001834b8bd188]

GC Heap History (4 events):
Event: 0.982 GC heap before
{Heap before GC invocations=0 (full 0):
 garbage-first heap   total 126976K, used 26624K [0x0000000084c00000, 0x0000000100000000)
  region size 1024K, 23 young (23552K), 0 survivors (0K)
 Metaspace       used 6951K, committed 7104K, reserved 1114112K
  class space    used 715K, committed 768K, reserved 1048576K
}
Event: 0.989 GC heap after
{Heap after GC invocations=1 (full 0):
 garbage-first heap   total 126976K, used 6144K [0x0000000084c00000, 0x0000000100000000)
  region size 1024K, 3 young (3072K), 3 survivors (3072K)
 Metaspace       used 6951K, committed 7104K, reserved 1114112K
  class space    used 715K, committed 768K, reserved 1048576K
}
Event: 2.273 GC heap before
{Heap before GC invocations=1 (full 0):
 garbage-first heap   total 126976K, used 38912K [0x0000000084c00000, 0x0000000100000000)
  region size 1024K, 35 young (35840K), 3 survivors (3072K)
 Metaspace       used 15579K, committed 15808K, reserved 1114112K
  class space    used 1722K, committed 1856K, reserved 1048576K
}
Event: 2.285 GC heap after
{Heap after GC invocations=2 (full 0):
 garbage-first heap   total 126976K, used 9249K [0x0000000084c00000, 0x0000000100000000)
  region size 1024K, 4 young (4096K), 4 survivors (4096K)
 Metaspace       used 15579K, committed 15808K, reserved 1114112K
  class space    used 1722K, committed 1856K, reserved 1048576K
}

Deoptimization events (20 events):
Event: 2.490 Thread 0x00000183434a7c30 Uncommon trap: trap_request=0xffffff45 fr.pc=0x0000018352b9fc48 relative=0x0000000000000748
Event: 2.490 Thread 0x00000183434a7c30 Uncommon trap: reason=unstable_if action=reinterpret pc=0x0000018352b9fc48 method=java.util.HashMap.putVal(ILjava/lang/Object;Ljava/lang/Object;ZZ)Ljava/lang/Object; @ 236 c2
Event: 2.490 Thread 0x00000183434a7c30 DEOPT PACKING pc=0x0000018352b9fc48 sp=0x00000075640fe590
Event: 2.490 Thread 0x00000183434a7c30 DEOPT UNPACKING pc=0x000001834b0a5c23 sp=0x00000075640fe558 mode 2
Event: 2.515 Thread 0x00000183434a7c30 Uncommon trap: trap_request=0xffffffde fr.pc=0x0000018352b9b12c relative=0x000000000000024c
Event: 2.515 Thread 0x00000183434a7c30 Uncommon trap: reason=class_check action=maybe_recompile pc=0x0000018352b9b12c method=org.jetbrains.kotlin.com.intellij.openapi.util.text.StringUtilRt.equal(Ljava/lang/CharSequence;Ljava/lang/CharSequence;Z)Z @ 18 c2
Event: 2.515 Thread 0x00000183434a7c30 DEOPT PACKING pc=0x0000018352b9b12c sp=0x00000075640fe410
Event: 2.515 Thread 0x00000183434a7c30 DEOPT UNPACKING pc=0x000001834b0a5c23 sp=0x00000075640fe3a0 mode 2
Event: 2.515 Thread 0x00000183434a7c30 Uncommon trap: trap_request=0xffffff45 fr.pc=0x0000018352b84538 relative=0x0000000000000598
Event: 2.515 Thread 0x00000183434a7c30 Uncommon trap: reason=unstable_if action=reinterpret pc=0x0000018352b84538 method=java.lang.String.<init>([CIILjava/lang/Void;)V @ 5 c2
Event: 2.515 Thread 0x00000183434a7c30 DEOPT PACKING pc=0x0000018352b84538 sp=0x00000075640fe410
Event: 2.515 Thread 0x00000183434a7c30 DEOPT UNPACKING pc=0x000001834b0a5c23 sp=0x00000075640fe2e0 mode 2
Event: 2.520 Thread 0x00000183434a7c30 Uncommon trap: trap_request=0xffffffde fr.pc=0x0000018352b96c28 relative=0x0000000000000248
Event: 2.520 Thread 0x00000183434a7c30 Uncommon trap: reason=class_check action=maybe_recompile pc=0x0000018352b96c28 method=org.jetbrains.kotlin.com.intellij.openapi.util.text.StringUtilRt.equal(Ljava/lang/CharSequence;Ljava/lang/CharSequence;Z)Z @ 18 c2
Event: 2.520 Thread 0x00000183434a7c30 DEOPT PACKING pc=0x0000018352b96c28 sp=0x00000075640fe210
Event: 2.521 Thread 0x00000183434a7c30 DEOPT UNPACKING pc=0x000001834b0a5c23 sp=0x00000075640fe148 mode 2
Event: 2.536 Thread 0x00000183434a7c30 Uncommon trap: trap_request=0xffffffde fr.pc=0x0000018352b9b12c relative=0x000000000000024c
Event: 2.536 Thread 0x00000183434a7c30 Uncommon trap: reason=class_check action=maybe_recompile pc=0x0000018352b9b12c method=org.jetbrains.kotlin.com.intellij.openapi.util.text.StringUtilRt.equal(Ljava/lang/CharSequence;Ljava/lang/CharSequence;Z)Z @ 18 c2
Event: 2.536 Thread 0x00000183434a7c30 DEOPT PACKING pc=0x0000018352b9b12c sp=0x00000075640fe410
Event: 2.536 Thread 0x00000183434a7c30 DEOPT UNPACKING pc=0x000001834b0a5c23 sp=0x00000075640fe3a0 mode 2

Classes loaded (20 events):
Event: 2.343 Loading class sun/nio/ch/ChannelInputStream
Event: 2.343 Loading class sun/nio/ch/ChannelInputStream done
Event: 2.343 Loading class java/nio/channels/SelectableChannel
Event: 2.343 Loading class java/nio/channels/SelectableChannel done
Event: 2.510 Loading class sun/net/www/protocol/jar/JarURLConnection
Event: 2.510 Loading class java/net/JarURLConnection
Event: 2.511 Loading class java/net/JarURLConnection done
Event: 2.511 Loading class sun/net/www/protocol/jar/JarURLConnection done
Event: 2.511 Loading class sun/net/www/protocol/jar/JarFileFactory
Event: 2.511 Loading class sun/net/www/protocol/jar/URLJarFile$URLJarFileCloseController
Event: 2.511 Loading class sun/net/www/protocol/jar/URLJarFile$URLJarFileCloseController done
Event: 2.511 Loading class sun/net/www/protocol/jar/JarFileFactory done
Event: 2.511 Loading class sun/net/www/protocol/jar/URLJarFile
Event: 2.511 Loading class sun/net/www/protocol/jar/URLJarFile done
Event: 2.512 Loading class sun/net/www/protocol/jar/URLJarFile$URLJarFileEntry
Event: 2.512 Loading class sun/net/www/protocol/jar/URLJarFile$URLJarFileEntry done
Event: 2.512 Loading class sun/net/www/protocol/jar/JarURLConnection$JarURLInputStream
Event: 2.512 Loading class sun/net/www/protocol/jar/JarURLConnection$JarURLInputStream done
Event: 2.517 Loading class java/io/EOFException
Event: 2.517 Loading class java/io/EOFException done

Classes unloaded (0 events):
No events

Classes redefined (0 events):
No events

Internal exceptions (20 events):
Event: 1.323 Thread 0x00000183434a7c30 Exception <a 'java/lang/NoSuchMethodError'{0x000000008c1bb010}: 'int java.lang.invoke.DirectMethodHandle$Holder.invokeSpecial(java.lang.Object, java.lang.Object, java.lang.Object, java.lang.Object)'> (0x000000008c1bb010) 
thrown [s\src\hotspot\share\interpreter\linkResolver.cpp, line 759]
Event: 1.323 Thread 0x00000183434a7c30 Exception <a 'java/lang/NoSuchMethodError'{0x000000008c1be678}: 'int java.lang.invoke.Invokers$Holder.invoke_MT(java.lang.Object, java.lang.Object, java.lang.Object, java.lang.Object)'> (0x000000008c1be678) 
thrown [s\src\hotspot\share\interpreter\linkResolver.cpp, line 759]
Event: 1.325 Thread 0x00000183434a7c30 Exception <a 'java/lang/NoSuchMethodError'{0x000000008c1cdb00}: 'void java.lang.invoke.DelegatingMethodHandle$Holder.reinvoke_L(java.lang.Object, java.lang.Object, java.lang.Object, long, java.lang.Object)'> (0x000000008c1cdb00) 
thrown [s\src\hotspot\share\interpreter\linkResolver.cpp, line 759]
Event: 1.325 Thread 0x00000183434a7c30 Exception <a 'java/lang/NoSuchMethodError'{0x000000008c1d5980}: 'java.lang.Object java.lang.invoke.DirectMethodHandle$Holder.invokeSpecial(java.lang.Object, java.lang.Object, java.lang.Object, java.lang.Object, long)'> (0x000000008c1d5980) 
thrown [s\src\hotspot\share\interpreter\linkResolver.cpp, line 759]
Event: 1.326 Thread 0x00000183434a7c30 Exception <a 'java/lang/NoSuchMethodError'{0x000000008c1e4d48}: 'int java.lang.invoke.DelegatingMethodHandle$Holder.reinvoke_L(java.lang.Object, java.lang.Object, java.lang.Object, long, java.lang.Object, java.lang.Object)'> (0x000000008c1e4d48) 
thrown [s\src\hotspot\share\interpreter\linkResolver.cpp, line 759]
Event: 1.327 Thread 0x00000183434a7c30 Exception <a 'java/lang/NoSuchMethodError'{0x000000008c1f38d8}: 'int java.lang.invoke.DelegatingMethodHandle$Holder.reinvoke_L(java.lang.Object, java.lang.Object, java.lang.Object, long, int, int)'> (0x000000008c1f38d8) 
thrown [s\src\hotspot\share\interpreter\linkResolver.cpp, line 759]
Event: 1.328 Thread 0x00000183434a7c30 Exception <a 'java/lang/NoSuchMethodError'{0x000000008c0026a8}: 'int java.lang.invoke.DelegatingMethodHandle$Holder.reinvoke_L(java.lang.Object, java.lang.Object, java.lang.Object, long, long, long)'> (0x000000008c0026a8) 
thrown [s\src\hotspot\share\interpreter\linkResolver.cpp, line 759]
Event: 1.329 Thread 0x00000183434a7c30 Exception <a 'java/lang/NoSuchMethodError'{0x000000008c010cc0}: 'int java.lang.invoke.DelegatingMethodHandle$Holder.reinvoke_L(java.lang.Object, java.lang.Object, java.lang.Object, long, int)'> (0x000000008c010cc0) 
thrown [s\src\hotspot\share\interpreter\linkResolver.cpp, line 759]
Event: 1.358 Thread 0x00000183434a7c30 Exception <a 'java/lang/NoSuchMethodError'{0x000000008c0b7830}: 'int java.lang.invoke.DirectMethodHandle$Holder.invokeStaticInit(java.lang.Object, java.lang.Object, java.lang.Object)'> (0x000000008c0b7830) 
thrown [s\src\hotspot\share\interpreter\linkResolver.cpp, line 759]
Event: 1.376 Thread 0x00000183434a7c30 Exception <a 'java/lang/NoSuchMethodError'{0x000000008c0e0410}: 'int java.lang.invoke.DirectMethodHandle$Holder.invokeStaticInit(java.lang.Object, java.lang.Object)'> (0x000000008c0e0410) 
thrown [s\src\hotspot\share\interpreter\linkResolver.cpp, line 759]
Event: 1.589 Thread 0x00000183434a7c30 Exception <a 'java/lang/NoSuchMethodError'{0x000000008bcd1af0}: 'void java.lang.invoke.DirectMethodHandle$Holder.invokeStatic(java.lang.Object, java.lang.Object, java.lang.Object, java.lang.Object)'> (0x000000008bcd1af0) 
thrown [s\src\hotspot\share\interpreter\linkResolver.cpp, line 759]
Event: 1.722 Thread 0x00000183434a7c30 Exception <a 'java/lang/NoSuchMethodError'{0x000000008b89cb18}: 'void java.lang.invoke.DirectMethodHandle$Holder.invokeStaticInit(java.lang.Object, java.lang.Object)'> (0x000000008b89cb18) 
thrown [s\src\hotspot\share\interpreter\linkResolver.cpp, line 759]
Event: 1.939 Thread 0x00000183434a7c30 Exception <a 'java/lang/NoSuchMethodError'{0x000000008b44d5f0}: 'void java.lang.invoke.Invokers$Holder.invokeExact_MT(java.lang.Object, int, java.lang.Object)'> (0x000000008b44d5f0) 
thrown [s\src\hotspot\share\interpreter\linkResolver.cpp, line 759]
Event: 2.098 Thread 0x00000183434a7c30 Exception <a 'java/lang/NoSuchMethodError'{0x000000008ab1a0a0}: 'void java.lang.invoke.DirectMethodHandle$Holder.invokeVirtual(java.lang.Object, java.lang.Object)'> (0x000000008ab1a0a0) 
thrown [s\src\hotspot\share\interpreter\linkResolver.cpp, line 759]
Event: 2.178 Thread 0x00000183434a7c30 Exception <a 'java/lang/NoSuchMethodError'{0x000000008a993be8}: 'long java.lang.invoke.DirectMethodHandle$Holder.invokeStatic(java.lang.Object, java.lang.Object, int)'> (0x000000008a993be8) 
thrown [s\src\hotspot\share\interpreter\linkResolver.cpp, line 759]
Event: 2.179 Thread 0x00000183434a7c30 Exception <a 'java/lang/NoSuchMethodError'{0x000000008a9a25d8}: 'java.lang.Object java.lang.invoke.DelegatingMethodHandle$Holder.reinvoke_L(java.lang.Object, int, long, java.lang.Object, java.lang.Object, int, java.lang.Object)'> (0x000000008a9a25d8) 
thrown [s\src\hotspot\share\interpreter\linkResolver.cpp, line 759]
Event: 2.183 Thread 0x00000183434a7c30 Exception <a 'java/lang/NoSuchMethodError'{0x000000008a9cbb98}: 'java.lang.Object java.lang.invoke.DirectMethodHandle$Holder.invokeStatic(java.lang.Object, java.lang.Object, int)'> (0x000000008a9cbb98) 
thrown [s\src\hotspot\share\interpreter\linkResolver.cpp, line 759]
Event: 2.184 Thread 0x00000183434a7c30 Exception <a 'java/lang/NoSuchMethodError'{0x000000008a9d79e8}: 'void java.lang.invoke.DelegatingMethodHandle$Holder.delegate(java.lang.Object, java.lang.Object, int, java.lang.Object)'> (0x000000008a9d79e8) 
thrown [s\src\hotspot\share\interpreter\linkResolver.cpp, line 759]
Event: 2.199 Thread 0x00000183434a7c30 Exception <a 'java/lang/NoSuchMethodError'{0x000000008a850a10}: 'int java.lang.invoke.DirectMethodHandle$Holder.invokeVirtual(java.lang.Object, java.lang.Object)'> (0x000000008a850a10) 
thrown [s\src\hotspot\share\interpreter\linkResolver.cpp, line 759]
Event: 2.462 Thread 0x00000183434a7c30 Exception <a 'java/lang/NoSuchMethodError'{0x000000008be30858}: 'java.lang.Object java.lang.invoke.DirectMethodHandle$Holder.invokeStatic(java.lang.Object, java.lang.Object, int, java.lang.Object)'> (0x000000008be30858) 
thrown [s\src\hotspot\share\interpreter\linkResolver.cpp, line 759]

VM Operations (20 events):
Event: 0.726 Executing VM operation: HandshakeAllThreads
Event: 0.726 Executing VM operation: HandshakeAllThreads done
Event: 0.982 Executing VM operation: G1CollectForAllocation
Event: 0.989 Executing VM operation: G1CollectForAllocation done
Event: 2.002 Executing VM operation: Cleanup
Event: 2.003 Executing VM operation: Cleanup done
Event: 2.152 Executing VM operation: HandshakeAllThreads
Event: 2.152 Executing VM operation: HandshakeAllThreads done
Event: 2.157 Executing VM operation: HandshakeAllThreads
Event: 2.157 Executing VM operation: HandshakeAllThreads done
Event: 2.183 Executing VM operation: HandshakeAllThreads
Event: 2.183 Executing VM operation: HandshakeAllThreads done
Event: 2.273 Executing VM operation: G1CollectForAllocation
Event: 2.285 Executing VM operation: G1CollectForAllocation done
Event: 2.335 Executing VM operation: HandshakeAllThreads
Event: 2.335 Executing VM operation: HandshakeAllThreads done
Event: 2.511 Executing VM operation: HandshakeAllThreads
Event: 2.511 Executing VM operation: HandshakeAllThreads done
Event: 2.511 Executing VM operation: HandshakeAllThreads
Event: 2.511 Executing VM operation: HandshakeAllThreads done

Events (20 events):
Event: 0.017 Thread 0x00000183434a7c30 Thread added: 0x00000183434a7c30
Event: 0.019 Thread 0x00000183616b1590 Thread added: 0x00000183616b1590
Event: 0.019 Thread 0x00000183616b1e40 Thread added: 0x00000183616b1e40
Event: 0.026 Thread 0x00000183616c8b30 Thread added: 0x00000183616c8b30
Event: 0.026 Thread 0x00000183616cb3f0 Thread added: 0x00000183616cb3f0
Event: 0.026 Thread 0x00000183616cbca0 Thread added: 0x00000183616cbca0
Event: 0.026 Thread 0x00000183616cc960 Thread added: 0x00000183616cc960
Event: 0.026 Thread 0x00000183616cd540 Thread added: 0x00000183616cd540
Event: 0.026 Thread 0x00000183616cde30 Thread added: 0x00000183616cde30
Event: 0.027 Thread 0x00000183616d6730 Thread added: 0x00000183616d6730
Event: 0.042 Thread 0x00000183659ee8d0 Thread added: 0x00000183659ee8d0
Event: 0.057 Thread 0x00000183659f03f0 Thread added: 0x00000183659f03f0
Event: 0.091 Loaded shared library C:\Users\amrhi\.jdks\azul-18.0.2.1\bin\net.dll
Event: 0.093 Loaded shared library C:\Users\amrhi\.jdks\azul-18.0.2.1\bin\nio.dll
Event: 0.110 Thread 0x0000018365a07450 Thread added: 0x0000018365a07450
Event: 0.128 Loaded shared library C:\Users\amrhi\.jdks\azul-18.0.2.1\bin\zip.dll
Event: 0.167 Loaded shared library C:\Users\amrhi\.jdks\azul-18.0.2.1\bin\jimage.dll
Event: 0.551 Thread 0x0000018365a07450 Thread exited: 0x0000018365a07450
Event: 2.023 Loaded shared library C:\Users\amrhi\.jdks\azul-18.0.2.1\bin\verify.dll
Event: 2.237 Thread 0x000001836637d850 Thread added: 0x000001836637d850


Dynamic libraries:
0x00007ff710530000 - 0x00007ff71053e000 	C:\Users\amrhi\.jdks\azul-18.0.2.1\bin\java.exe
0x00007ff8906d0000 - 0x00007ff8908e7000 	C:\WINDOWS\SYSTEM32\ntdll.dll
0x00007ff88f270000 - 0x00007ff88f334000 	C:\WINDOWS\System32\KERNEL32.DLL
0x00007ff88db20000 - 0x00007ff88decd000 	C:\WINDOWS\System32\KERNELBASE.dll
0x00007ff88ded0000 - 0x00007ff88dfe1000 	C:\WINDOWS\System32\ucrtbase.dll
0x00007ff84dba0000 - 0x00007ff84dbb7000 	C:\Users\amrhi\.jdks\azul-18.0.2.1\bin\jli.dll
0x00007ff84dd60000 - 0x00007ff84dd7b000 	C:\Users\amrhi\.jdks\azul-18.0.2.1\bin\VCRUNTIME140.dll
0x00007ff88e410000 - 0x00007ff88e5be000 	C:\WINDOWS\System32\USER32.dll
0x00007ff88da70000 - 0x00007ff88da96000 	C:\WINDOWS\System32\win32u.dll
0x00007ff890390000 - 0x00007ff8903b9000 	C:\WINDOWS\System32\GDI32.dll
0x00007ff88e250000 - 0x00007ff88e369000 	C:\WINDOWS\System32\gdi32full.dll
0x00007ff86f910000 - 0x00007ff86fba3000 	C:\WINDOWS\WinSxS\amd64_microsoft.windows.common-controls_6595b64144ccf1df_6.0.22621.3672_none_2713b9d173822955\COMCTL32.dll
0x00007ff88e370000 - 0x00007ff88e40a000 	C:\WINDOWS\System32\msvcp_win.dll
0x00007ff88e5c0000 - 0x00007ff88e667000 	C:\WINDOWS\System32\msvcrt.dll
0x00007ff88ed40000 - 0x00007ff88ed71000 	C:\WINDOWS\System32\IMM32.DLL
0x00007ff870ea0000 - 0x00007ff870eac000 	C:\Users\amrhi\.jdks\azul-18.0.2.1\bin\vcruntime140_1.dll
0x00007ff845520000 - 0x00007ff8455ad000 	C:\Users\amrhi\.jdks\azul-18.0.2.1\bin\msvcp140.dll
0x00007ff82fcb0000 - 0x00007ff830950000 	C:\Users\amrhi\.jdks\azul-18.0.2.1\bin\server\jvm.dll
0x00007ff88e670000 - 0x00007ff88e722000 	C:\WINDOWS\System32\ADVAPI32.dll
0x00007ff890560000 - 0x00007ff890609000 	C:\WINDOWS\System32\sechost.dll
0x00007ff88e220000 - 0x00007ff88e248000 	C:\WINDOWS\System32\bcrypt.dll
0x00007ff88ebc0000 - 0x00007ff88ecd4000 	C:\WINDOWS\System32\RPCRT4.dll
0x00007ff890450000 - 0x00007ff890458000 	C:\WINDOWS\System32\PSAPI.DLL
0x00007ff8850e0000 - 0x00007ff885114000 	C:\WINDOWS\SYSTEM32\WINMM.dll
0x00007ff86ad70000 - 0x00007ff86ad79000 	C:\WINDOWS\SYSTEM32\WSOCK32.dll
0x00007ff890310000 - 0x00007ff890381000 	C:\WINDOWS\System32\WS2_32.dll
0x00007ff884db0000 - 0x00007ff884dba000 	C:\WINDOWS\SYSTEM32\VERSION.dll
0x00007ff88cac0000 - 0x00007ff88cad8000 	C:\WINDOWS\SYSTEM32\kernel.appcore.dll
0x00007ff860e80000 - 0x00007ff860e8a000 	C:\Users\amrhi\.jdks\azul-18.0.2.1\bin\jimage.dll
0x00007ff88af70000 - 0x00007ff88b1a2000 	C:\WINDOWS\SYSTEM32\DBGHELP.DLL
0x00007ff88e830000 - 0x00007ff88ebb8000 	C:\WINDOWS\System32\combase.dll
0x00007ff88ed90000 - 0x00007ff88ee67000 	C:\WINDOWS\System32\OLEAUT32.dll
0x00007ff86abf0000 - 0x00007ff86ac22000 	C:\WINDOWS\SYSTEM32\dbgcore.DLL
0x00007ff88daa0000 - 0x00007ff88db1b000 	C:\WINDOWS\System32\bcryptPrimitives.dll
0x00007ff848e80000 - 0x00007ff848ea5000 	C:\Users\amrhi\.jdks\azul-18.0.2.1\bin\java.dll
0x00007ff845440000 - 0x00007ff845517000 	C:\Users\amrhi\.jdks\azul-18.0.2.1\bin\jsvml.dll
0x00007ff88f530000 - 0x00007ff88fd8f000 	C:\WINDOWS\System32\SHELL32.dll
0x00007ff88b960000 - 0x00007ff88c25c000 	C:\WINDOWS\SYSTEM32\windows.storage.dll
0x00007ff88b820000 - 0x00007ff88b95f000 	C:\WINDOWS\SYSTEM32\wintypes.dll
0x00007ff890460000 - 0x00007ff890554000 	C:\WINDOWS\System32\SHCORE.dll
0x00007ff88ece0000 - 0x00007ff88ed3e000 	C:\WINDOWS\System32\shlwapi.dll
0x00007ff88d930000 - 0x00007ff88d951000 	C:\WINDOWS\SYSTEM32\profapi.dll
0x00007ff849ab0000 - 0x00007ff849ac3000 	C:\Users\amrhi\.jdks\azul-18.0.2.1\bin\net.dll
0x00007ff888ff0000 - 0x00007ff889126000 	C:\WINDOWS\SYSTEM32\WINHTTP.dll
0x00007ff88cf90000 - 0x00007ff88cff9000 	C:\WINDOWS\system32\mswsock.dll
0x00007ff8479f0000 - 0x00007ff847a06000 	C:\Users\amrhi\.jdks\azul-18.0.2.1\bin\nio.dll
0x00007ff84cf20000 - 0x00007ff84cf38000 	C:\Users\amrhi\.jdks\azul-18.0.2.1\bin\zip.dll
0x00007ff85f100000 - 0x00007ff85f110000 	C:\Users\amrhi\.jdks\azul-18.0.2.1\bin\verify.dll

dbghelp: loaded successfully - version: 4.0.5 - missing functions: none
symbol engine: initialized successfully - sym options: 0x614 - pdb path: .;C:\Users\amrhi\.jdks\azul-18.0.2.1\bin;C:\WINDOWS\SYSTEM32;C:\WINDOWS\WinSxS\amd64_microsoft.windows.common-controls_6595b64144ccf1df_6.0.22621.3672_none_2713b9d173822955;C:\Users\amrhi\.jdks\azul-18.0.2.1\bin\server

VM Arguments:
java_command: org.jetbrains.kotlin.cli.jvm.K2JVMCompiler @C:\Users\amrhi\Downloads\ktor-UncleJacksApp\build\20240712_13390481193609312188.compiler.options
java_class_path (initial): C:\Users\amrhi\.gradle\caches\modules-2\files-2.1\org.jetbrains.kotlin\kotlin-compiler-embeddable\2.0.0\1de310de3446414381282ffc46c3ed3919a4d1da\kotlin-compiler-embeddable-2.0.0.jar;C:\Users\amrhi\.gradle\caches\modules-2\files-2.1\org.jetbrains.kotlin\kotlin-stdlib\2.0.0\b48df2c4aede9586cc931ead433bc02d6fd7879e\kotlin-stdlib-2.0.0.jar;C:\Users\amrhi\.gradle\caches\modules-2\files-2.1\org.jetbrains.kotlin\kotlin-script-runtime\2.0.0\fdc27dd047d592fa41d2dfa21e7621287a361612\kotlin-script-runtime-2.0.0.jar;C:\Users\amrhi\.gradle\caches\modules-2\files-2.1\org.jetbrains.kotlin\kotlin-reflect\1.6.10\1cbe9c92c12a94eea200d23c2bbaedaf3daf5132\kotlin-reflect-1.6.10.jar;C:\Users\amrhi\.gradle\caches\modules-2\files-2.1\org.jetbrains.kotlin\kotlin-daemon-embeddable\2.0.0\b39c612768614c4428c96ee9c65477181fffe9d\kotlin-daemon-embeddable-2.0.0.jar;C:\Users\amrhi\.gradle\caches\modules-2\files-2.1\org.jetbrains.intellij.deps\trove4j\1.0.20200330\3afb14d5f9ceb459d724e907a21145e8ff394f02\trove4j-1.0.20200330.jar;C:\Users\amrhi\.gradle\caches\modules-2\files-2.1\org.jetbrains\annotations\13.0\919f0dfe192fb4e063e7dacadee7f8bb9a2672a9\annotations-13.0.jar
Launcher Type: SUN_STANDARD

[Global flags]
     intx CICompilerCount                          = 4                                         {product} {ergonomic}
     uint ConcGCThreads                            = 2                                         {product} {ergonomic}
     uint G1ConcRefinementThreads                  = 8                                         {product} {ergonomic}
   size_t G1HeapRegionSize                         = 1048576                                   {product} {ergonomic}
    uintx GCDrainStackTargetSize                   = 64                                        {product} {ergonomic}
   size_t InitialHeapSize                          = 130023424                                 {product} {ergonomic}
   size_t MarkStackSize                            = 4194304                                   {product} {ergonomic}
   size_t MaxHeapSize                              = 2067791872                                {product} {ergonomic}
   size_t MaxNewSize                               = 1240465408                                {product} {ergonomic}
   size_t MinHeapDeltaBytes                        = 1048576                                   {product} {ergonomic}
   size_t MinHeapSize                              = 8388608                                   {product} {ergonomic}
    uintx NonNMethodCodeHeapSize                   = 5839372                                {pd product} {ergonomic}
    uintx NonProfiledCodeHeapSize                  = 122909434                              {pd product} {ergonomic}
    uintx ProfiledCodeHeapSize                     = 122909434                              {pd product} {ergonomic}
    uintx ReservedCodeCacheSize                    = 251658240                              {pd product} {ergonomic}
     bool SegmentedCodeCache                       = true                                      {product} {ergonomic}
   size_t SoftMaxHeapSize                          = 2067791872                             {manageable} {ergonomic}
     bool UseCompressedClassPointers               = true                           {product lp64_product} {ergonomic}
     bool UseCompressedOops                        = true                           {product lp64_product} {ergonomic}
     bool UseG1GC                                  = true                                      {product} {ergonomic}
     bool UseLargePagesIndividualAllocation        = false                                  {pd product} {ergonomic}

Logging:
Log output configuration:
 #0: stdout all=warning uptime,level,tags foldmultilines=false
 #1: stderr all=off uptime,level,tags foldmultilines=false

Environment Variables:
PATH=C:\Program Files (x86)\Common Files\Intel\Shared Files\fortran\bin\Intel64;C:\Program Files (x86)\Common Files\Intel\Shared Libraries\redist\intel64_win\mpirt;C:\Program Files (x86)\Common Files\Intel\Shared Libraries\redist\intel64_win\compiler;C:\Program Files (x86)\Common Files\Oracle\Java\javapath;C:\Windows\system32;C:\Windows;C:\Windows\System32\Wbem;C:\Windows\System32\WindowsPowerShell\v1.0\;C:\Windows\System32\OpenSSH\;C:\Program Files (x86)\NVIDIA Corporation\PhysX\Common;C:\Program Files\NVIDIA Corporation\NVIDIA NvDLISR;C:\WINDOWS\system32;C:\WINDOWS;C:\WINDOWS\System32\Wbem;C:\WINDOWS\System32\WindowsPowerShell\v1.0\;C:\WINDOWS\System32\OpenSSH\;C:\Program Files\Microsoft SQL Server\110\Tools\Binn\;C:\Program Files\Git\cmd;C:\Program Files\MySQL\MySQL Shell 8.0\bin\;C:\Users\amrhi\AppData\Local\Microsoft\WindowsApps;
USERNAME=amrhi
OS=Windows_NT
PROCESSOR_IDENTIFIER=Intel64 Family 6 Model 140 Stepping 1, GenuineIntel



---------------  S Y S T E M  ---------------

OS:
 Windows 11 , 64 bit Build 22621 (10.0.22621.3672)
OS uptime: 0 days 3:23 hours

CPU: total 8 (initial active 8) (4 cores per cpu, 2 threads per core) family 6 model 140 stepping 1 microcode 0x86, cx8, cmov, fxsr, ht, mmx, 3dnowpref, sse, sse2, sse3, ssse3, sse4.1, sse4.2, popcnt, lzcnt, tsc, tscinvbit, avx, avx2, aes, erms, clmul, bmi1, bmi2, adx, avx512f, avx512dq, avx512cd, avx512bw, avx512vl, sha, fma, vzeroupper, avx512_vpopcntdq, avx512_vpclmulqdq, avx512_vaes, avx512_vnni, clflush, clflushopt, clwb, avx512_vbmi2, avx512_vbmi

Memory: 4k page, system-wide physical 7886M (478M free)
TotalPageFile size 22754M (AvailPageFile size 1M)
current process WorkingSet (physical memory assigned to process): 121M, peak: 121M
current process commit charge ("private bytes"): 247M, peak: 247M

vm_info: OpenJDK 64-Bit Server VM (18.0.2.1+1) for windows-amd64 JRE (18.0.2.1+1) (Zulu18.32+13-CA), built on Aug 23 2022 15:53:35 by "zulu_re" with MS VC++ 16.10 / 16.11 (VS2019)

END.
