#
# There is insufficient memory for the Java Runtime Environment to continue.
# Native memory allocation (mmap) failed to map 130023424 bytes for G1 virtual space
# Possible reasons:
#   The system is out of physical RAM or swap space
#   The process is running with CompressedOops enabled, and the Java Heap may be blocking the growth of the native heap
# Possible solutions:
#   Reduce memory load on the system
#   Increase physical memory or swap space
#   Check if swap backing store is full
#   Decrease Java heap size (-Xmx/-Xms)
#   Decrease number of Java threads
#   Decrease Java thread stack sizes (-Xss)
#   Set larger code cache with -XX:ReservedCodeCacheSize=
#   JVM is running with Unscaled Compressed Oops mode in which the Java heap is
#     placed in the first 4GB address space. The Java Heap base address is the
#     maximum limit for the native heap growth. Please use -XX:HeapBaseMinAddress
#     to set the Java Heap base and to place the Java Heap above 4GB virtual address.
# This output file may be truncated or incomplete.
#
#  Out of Memory Error (os_windows.cpp:3530), pid=8028, tid=9948
#
# JRE version:  (18.0.2.1+1) (build )
# Java VM: OpenJDK 64-Bit Server VM (18.0.2.1+1, mixed mode, sharing, tiered, compressed oops, compressed class ptrs, g1 gc, windows-amd64)
# No core dump will be written. Minidumps are not enabled by default on client versions of Windows
#

---------------  S U M M A R Y ------------

Command Line: org.jetbrains.kotlin.cli.jvm.K2JVMCompiler @C:\Users\amrhi\Downloads\ktor-UncleJacksApp\build\20240614_3990875012456604973.compiler.options

Host: 11th Gen Intel(R) Core(TM) i5-1135G7 @ 2.40GHz, 8 cores, 7G,  Windows 11 , 64 bit Build 22621 (10.0.22621.3672)
Time: Fri Jun 14 14:39:35 2024 Egypt Daylight Time elapsed time: 0.009007 seconds (0d 0h 0m 0s)

---------------  T H R E A D  ---------------

Current thread (0x00000169a5da37e0):  JavaThread "Unknown thread" [_thread_in_vm, id=9948, stack(0x000000477c300000,0x000000477c400000)]

Stack: [0x000000477c300000,0x000000477c400000]
Native frames: (J=compiled Java code, j=interpreted, Vv=VM code, C=native code)
V  [jvm.dll+0x69ea0a]
V  [jvm.dll+0x84dfbd]
V  [jvm.dll+0x84f8ce]
V  [jvm.dll+0x84ff83]
V  [jvm.dll+0x25fa1f]
V  [jvm.dll+0x69b959]
V  [jvm.dll+0x69048a]
V  [jvm.dll+0x32579b]
V  [jvm.dll+0x32d0e6]
V  [jvm.dll+0x381cae]
V  [jvm.dll+0x381edf]
V  [jvm.dll+0x2fd48a]
V  [jvm.dll+0x2fe4ed]
V  [jvm.dll+0x81c8e0]
V  [jvm.dll+0x38f011]
V  [jvm.dll+0x7fb4f3]
V  [jvm.dll+0x4111cf]
V  [jvm.dll+0x412c81]
C  [jli.dll+0x526b]
C  [ucrtbase.dll+0x29333]
C  [KERNEL32.DLL+0x1257d]
C  [ntdll.dll+0x5af28]


---------------  P R O C E S S  ---------------

Threads class SMR info:
_java_thread_list=0x00007ff96c904e50, length=0, elements={
}

Java Threads: ( => current thread )

Other Threads:
  0x00000169a5e030d0 WorkerThread "GC Thread#0" [stack: 0x000000477c400000,0x000000477c500000] [id=2692]
  0x00000169a5e13680 ConcurrentGCThread "G1 Main Marker" [stack: 0x000000477c500000,0x000000477c600000] [id=1160]
  0x00000169a5e15080 WorkerThread "G1 Conc#0" [stack: 0x000000477c600000,0x000000477c700000] [id=17324]

[error occurred during error reporting (printing all threads), id 0xc0000005, EXCEPTION_ACCESS_VIOLATION (0xc0000005) at pc=0x00007ff96c0adab7]

VM state: not at safepoint (not fully initialized)

VM Mutex/Monitor currently owned by a thread:  ([mutex/lock_event])
[0x00000169a5da0050] Heap_lock - owner thread: 0x00000169a5da37e0

Heap address: 0x0000000084c00000, size: 1972 MB, Compressed Oops mode: 32-bit

CDS archive(s) mapped at: [0x0000000000000000-0x0000000000000000-0x0000000000000000), size 0, SharedBaseAddress: 0x0000000800000000, ArchiveRelocationMode: 0.
Narrow klass base: 0x0000000000000000, Narrow klass shift: 0, Narrow klass range: 0x0

GC Precious Log:
 CardTable entry size: 512
 Card Set container configuration: InlinePtr #cards 5 size 8 Array Of Cards #cards 12 size 40 Howl #buckets 4 coarsen threshold 1843 Howl Bitmap #cards 512 size 80 coarsen threshold 460 Card regions per heap region 1 cards per card region 2048

Heap:
 garbage-first heap   total 0K, used 0K [0x0000000084c00000, 0x0000000100000000)
  region size 1024K, 0 young (0K), 0 survivors (0K)

[error occurred during error reporting (printing heap information), id 0xc0000005, EXCEPTION_ACCESS_VIOLATION (0xc0000005) at pc=0x00007ff96c496f59]

GC Heap History (0 events):
No events

Deoptimization events (0 events):
No events

Classes loaded (0 events):
No events

Classes unloaded (0 events):
No events

Classes redefined (0 events):
No events

Internal exceptions (0 events):
No events

VM Operations (0 events):
No events

Events (1 events):
Event: 0.005 Loaded shared library C:\Users\amrhi\.jdks\azul-18.0.2.1\bin\java.dll


Dynamic libraries:
0x00007ff7ce270000 - 0x00007ff7ce27e000 	C:\Users\amrhi\.jdks\azul-18.0.2.1\bin\java.exe
0x00007ff9f5110000 - 0x00007ff9f5327000 	C:\WINDOWS\SYSTEM32\ntdll.dll
0x00007ff9f4480000 - 0x00007ff9f4544000 	C:\WINDOWS\System32\KERNEL32.DLL
0x00007ff9f2670000 - 0x00007ff9f2a1c000 	C:\WINDOWS\System32\KERNELBASE.dll
0x00007ff9f2a20000 - 0x00007ff9f2b31000 	C:\WINDOWS\System32\ucrtbase.dll
0x00007ff9e7620000 - 0x00007ff9e7637000 	C:\Users\amrhi\.jdks\azul-18.0.2.1\bin\jli.dll
0x00007ff9dc380000 - 0x00007ff9dc39b000 	C:\Users\amrhi\.jdks\azul-18.0.2.1\bin\VCRUNTIME140.dll
0x00007ff9f48f0000 - 0x00007ff9f4a9e000 	C:\WINDOWS\System32\USER32.dll
0x00007ff9da060000 - 0x00007ff9da2f3000 	C:\WINDOWS\WinSxS\amd64_microsoft.windows.common-controls_6595b64144ccf1df_6.0.22621.3672_none_2713b9d173822955\COMCTL32.dll
0x00007ff9f2440000 - 0x00007ff9f2466000 	C:\WINDOWS\System32\win32u.dll
0x00007ff9f40a0000 - 0x00007ff9f4147000 	C:\WINDOWS\System32\msvcrt.dll
0x00007ff9f42c0000 - 0x00007ff9f42e9000 	C:\WINDOWS\System32\GDI32.dll
0x00007ff9f2cb0000 - 0x00007ff9f2dc9000 	C:\WINDOWS\System32\gdi32full.dll
0x00007ff9f25d0000 - 0x00007ff9f266a000 	C:\WINDOWS\System32\msvcp_win.dll
0x00007ff9f2e50000 - 0x00007ff9f2e81000 	C:\WINDOWS\System32\IMM32.DLL
0x00007ff9eaf90000 - 0x00007ff9eaf9c000 	C:\Users\amrhi\.jdks\azul-18.0.2.1\bin\vcruntime140_1.dll
0x00007ff9d8890000 - 0x00007ff9d891d000 	C:\Users\amrhi\.jdks\azul-18.0.2.1\bin\msvcp140.dll
0x00007ff96bda0000 - 0x00007ff96ca40000 	C:\Users\amrhi\.jdks\azul-18.0.2.1\bin\server\jvm.dll
0x00007ff9f46b0000 - 0x00007ff9f4762000 	C:\WINDOWS\System32\ADVAPI32.dll
0x00007ff9f4770000 - 0x00007ff9f481a000 	C:\WINDOWS\System32\sechost.dll
0x00007ff9f2470000 - 0x00007ff9f2498000 	C:\WINDOWS\System32\bcrypt.dll
0x00007ff9f42f0000 - 0x00007ff9f4405000 	C:\WINDOWS\System32\RPCRT4.dll
0x00007ff9f4080000 - 0x00007ff9f4088000 	C:\WINDOWS\System32\PSAPI.DLL
0x00007ff9d0150000 - 0x00007ff9d0159000 	C:\WINDOWS\SYSTEM32\WSOCK32.dll
0x00007ff9e7600000 - 0x00007ff9e760a000 	C:\WINDOWS\SYSTEM32\VERSION.dll
0x00007ff9e9e50000 - 0x00007ff9e9e84000 	C:\WINDOWS\SYSTEM32\WINMM.dll
0x00007ff9f3e40000 - 0x00007ff9f3eb1000 	C:\WINDOWS\System32\WS2_32.dll
0x00007ff9f1500000 - 0x00007ff9f1518000 	C:\WINDOWS\SYSTEM32\kernel.appcore.dll
0x00007ff9e7610000 - 0x00007ff9e761a000 	C:\Users\amrhi\.jdks\azul-18.0.2.1\bin\jimage.dll
0x00007ff9ef3e0000 - 0x00007ff9ef612000 	C:\WINDOWS\SYSTEM32\DBGHELP.DLL
0x00007ff9f3ab0000 - 0x00007ff9f3e38000 	C:\WINDOWS\System32\combase.dll
0x00007ff9f4150000 - 0x00007ff9f4227000 	C:\WINDOWS\System32\OLEAUT32.dll
0x00007ff9d6260000 - 0x00007ff9d6292000 	C:\WINDOWS\SYSTEM32\dbgcore.DLL
0x00007ff9f2dd0000 - 0x00007ff9f2e4b000 	C:\WINDOWS\System32\bcryptPrimitives.dll
0x00007ff9d8860000 - 0x00007ff9d8885000 	C:\Users\amrhi\.jdks\azul-18.0.2.1\bin\java.dll

dbghelp: loaded successfully - version: 4.0.5 - missing functions: none
symbol engine: initialized successfully - sym options: 0x614 - pdb path: .;C:\Users\amrhi\.jdks\azul-18.0.2.1\bin;C:\WINDOWS\SYSTEM32;C:\WINDOWS\WinSxS\amd64_microsoft.windows.common-controls_6595b64144ccf1df_6.0.22621.3672_none_2713b9d173822955;C:\Users\amrhi\.jdks\azul-18.0.2.1\bin\server

VM Arguments:
java_command: org.jetbrains.kotlin.cli.jvm.K2JVMCompiler @C:\Users\amrhi\Downloads\ktor-UncleJacksApp\build\20240614_3990875012456604973.compiler.options
java_class_path (initial): C:\Users\amrhi\.gradle\caches\modules-2\files-2.1\org.jetbrains.kotlin\kotlin-compiler-embeddable\2.0.0\1de310de3446414381282ffc46c3ed3919a4d1da\kotlin-compiler-embeddable-2.0.0.jar;C:\Users\amrhi\.gradle\caches\modules-2\files-2.1\org.jetbrains.kotlin\kotlin-stdlib\2.0.0\b48df2c4aede9586cc931ead433bc02d6fd7879e\kotlin-stdlib-2.0.0.jar;C:\Users\amrhi\.gradle\caches\modules-2\files-2.1\org.jetbrains.kotlin\kotlin-script-runtime\2.0.0\fdc27dd047d592fa41d2dfa21e7621287a361612\kotlin-script-runtime-2.0.0.jar;C:\Users\amrhi\.gradle\caches\modules-2\files-2.1\org.jetbrains.kotlin\kotlin-reflect\1.6.10\1cbe9c92c12a94eea200d23c2bbaedaf3daf5132\kotlin-reflect-1.6.10.jar;C:\Users\amrhi\.gradle\caches\modules-2\files-2.1\org.jetbrains.kotlin\kotlin-daemon-embeddable\2.0.0\b39c612768614c4428c96ee9c65477181fffe9d\kotlin-daemon-embeddable-2.0.0.jar;C:\Users\amrhi\.gradle\caches\modules-2\files-2.1\org.jetbrains.intellij.deps\trove4j\1.0.20200330\3afb14d5f9ceb459d724e907a21145e8ff394f02\trove4j-1.0.20200330.jar;C:\Users\amrhi\.gradle\caches\modules-2\files-2.1\org.jetbrains\annotations\13.0\919f0dfe192fb4e063e7dacadee7f8bb9a2672a9\annotations-13.0.jar
Launcher Type: SUN_STANDARD

[Global flags]
     intx CICompilerCount                          = 4                                         {product} {ergonomic}
     uint ConcGCThreads                            = 2                                         {product} {ergonomic}
     uint G1ConcRefinementThreads                  = 8                                         {product} {ergonomic}
   size_t G1HeapRegionSize                         = 1048576                                   {product} {ergonomic}
    uintx GCDrainStackTargetSize                   = 64                                        {product} {ergonomic}
   size_t InitialHeapSize                          = 130023424                                 {product} {ergonomic}
   size_t MarkStackSize                            = 4194304                                   {product} {ergonomic}
   size_t MaxHeapSize                              = 2067791872                                {product} {ergonomic}
   size_t MinHeapDeltaBytes                        = 1048576                                   {product} {ergonomic}
   size_t MinHeapSize                              = 8388608                                   {product} {ergonomic}
    uintx NonNMethodCodeHeapSize                   = 5839372                                {pd product} {ergonomic}
    uintx NonProfiledCodeHeapSize                  = 122909434                              {pd product} {ergonomic}
    uintx ProfiledCodeHeapSize                     = 122909434                              {pd product} {ergonomic}
    uintx ReservedCodeCacheSize                    = 251658240                              {pd product} {ergonomic}
     bool SegmentedCodeCache                       = true                                      {product} {ergonomic}
   size_t SoftMaxHeapSize                          = 2067791872                             {manageable} {ergonomic}
     bool UseCompressedClassPointers               = true                           {product lp64_product} {ergonomic}
     bool UseCompressedOops                        = true                           {product lp64_product} {ergonomic}
     bool UseG1GC                                  = true                                      {product} {ergonomic}
     bool UseLargePagesIndividualAllocation        = false                                  {pd product} {ergonomic}

Logging:
Log output configuration:
 #0: stdout all=warning uptime,level,tags foldmultilines=false
 #1: stderr all=off uptime,level,tags foldmultilines=false

Environment Variables:
PATH=C:\Program Files (x86)\Common Files\Intel\Shared Files\fortran\bin\Intel64;C:\Program Files (x86)\Common Files\Intel\Shared Libraries\redist\intel64_win\mpirt;C:\Program Files (x86)\Common Files\Intel\Shared Libraries\redist\intel64_win\compiler;C:\Program Files (x86)\Common Files\Oracle\Java\javapath;C:\Windows\system32;C:\Windows;C:\Windows\System32\Wbem;C:\Windows\System32\WindowsPowerShell\v1.0\;C:\Windows\System32\OpenSSH\;C:\Program Files (x86)\NVIDIA Corporation\PhysX\Common;C:\Program Files\NVIDIA Corporation\NVIDIA NvDLISR;C:\WINDOWS\system32;C:\WINDOWS;C:\WINDOWS\System32\Wbem;C:\WINDOWS\System32\WindowsPowerShell\v1.0\;C:\WINDOWS\System32\OpenSSH\;C:\Program Files\Microsoft SQL Server\110\Tools\Binn\;C:\Program Files\Git\cmd;C:\Program Files\MySQL\MySQL Shell 8.0\bin\;C:\Users\amrhi\AppData\Local\Microsoft\WindowsApps;
USERNAME=amrhi
OS=Windows_NT
PROCESSOR_IDENTIFIER=Intel64 Family 6 Model 140 Stepping 1, GenuineIntel



---------------  S Y S T E M  ---------------

OS:
 Windows 11 , 64 bit Build 22621 (10.0.22621.3672)
OS uptime: 0 days 2:28 hours

CPU: total 8 (initial active 8) (4 cores per cpu, 2 threads per core) family 6 model 140 stepping 1 microcode 0x86, cx8, cmov, fxsr, ht, mmx, 3dnowpref, sse, sse2, sse3, ssse3, sse4.1, sse4.2, popcnt, lzcnt, tsc, tscinvbit, avx, avx2, aes, erms, clmul, bmi1, bmi2, adx, avx512f, avx512dq, avx512cd, avx512bw, avx512vl, sha, fma, vzeroupper, avx512_vpopcntdq, avx512_vpclmulqdq, avx512_vaes, avx512_vnni, clflush, clflushopt, clwb, avx512_vbmi2, avx512_vbmi

Memory: 4k page, system-wide physical 7886M (401M free)
TotalPageFile size 19758M (AvailPageFile size 83M)
current process WorkingSet (physical memory assigned to process): 11M, peak: 11M
current process commit charge ("private bytes"): 60M, peak: 184M

vm_info: OpenJDK 64-Bit Server VM (18.0.2.1+1) for windows-amd64 JRE (18.0.2.1+1) (Zulu18.32+13-CA), built on Aug 23 2022 15:53:35 by "zulu_re" with MS VC++ 16.10 / 16.11 (VS2019)

END.
